seg.addBoxCount
seg.addBoxCount
seg.addBoxCount
seg.addBoxCount
seg.addBoxCount
seg.addBoxCount
seg.addBoxCount
seg.addBoxCount
seg.addBoxCount
seg.addBoxCount
seg.addBoxCount
seg.addBoxCount
seg.addBoxCount
seg.addBoxCount
seg.addBoxCount
seg.addBoxCount
seg.addBoxCount
addDevices

Tksimulator step
simulator step
simbot class firstline - in update devices 
0
Tksimulator step
simulator step
simbot class firstline - in update devices 
0
Tksimulator step
simulator step
simbot class firstline - in update devices 
0
Tksimulator step
simulator step
simbot class firstline - in update devices 
0
Tksimulator step
simulator step
simbot class firstline - in update devices 
0
Tksimulator step
simulator step
simbot class firstline - in update devices 
0
Tksimulator step
simulator step
simbot class firstline - in update devices 
0
Tksimulator step
simulator step
simbot class firstline - in update devices 
0
Tksimulator step
simulator step
simbot class firstline - in update devices 
0
Tksimulator step
simulator step
simbot class firstline - in update devices 
0
Tksimulator step
simulator step
simbot class firstline - in update devices 
0
Tksimulator step
simulator step
simbot class firstline - in update devices 
0
Tksimulator step
simulator step
simbot class firstline - in update devices 
0
Tksimulator step
simulator step
simbot class firstline - in update devices 
0
Tksimulator step
simulator step
simbot class firstline - in update devices 
0
Tksimulator step
simulator step
simbot class firstline - in update devices 
0
Tksimulator step
simulator step
simbot class firstline - in update devices 
0
Tksimulator step
simulator step
simbot class firstline - in update devices 
0
Tksimulator step
simulator step
simbot class firstline - in update devices 
0
Tksimulator step
simulator step
simbot class firstline - in update devices 
0
Tksimulator step
simulator step
simbot class firstline - in update devices 
0
Tksimulator step
simulator step
simbot class firstline - in update devices 
0
Tksimulator step
simulator step
simbot class firstline - in update devices 
0
Tksimulator step
simulator step
simbot class firstline - in update devices 
0
Tksimulator step
simulator step
simbot class firstline - in update devices 
0
Tksimulator step
simulator step
simbot class firstline - in update devices 
0
Tksimulator step
simulator step
simbot class firstline - in update devices 
0
Tksimulator step
simulator step
simbot class firstline - in update devices 
0
Tksimulator step
simulator step
simbot class firstline - in update devices 
0
Tksimulator step
simulator step
simbot class firstline - in update devices 
0
Tksimulator step
simulator step
simbot class firstline - in update devices 
0
Tksimulator step
simulator step
simbot class firstline - in update devices 
0
Tksimulator step
simulator step
simbot class firstline - in update devices 
0
Tksimulator step
simulator step
simbot class firstline - in update devices 
0
Tksimulator step
simulator step
simbot class firstline - in update devices 
0
Tksimulator step
simulator step
simbot class firstline - in update devices 
0
Tksimulator step
simulator step
simbot class firstline - in update devices 
0
Tksimulator step
simulator step
simbot class firstline - in update devices 
0
Tksimulator step
simulator step
simbot class firstline - in update devices 
0
Tksimulator step
simulator step
simbot class firstline - in update devices 
0
Tksimulator step
simulator step
simbot class firstline - in update devices 
0
Tksimulator step
simulator step
simbot class firstline - in update devices 
0
Tksimulator step
simulator step
simbot class firstline - in update devices 
0
Tksimulator step
simulator step
simbot class firstline - in update devices 
0
Tksimulator step
simulator step
simbot class firstline - in update devices 
0
Tksimulator step
simulator step
simbot class firstline - in update devices 
0
Tksimulator step
simulator step
simbot class firstline - in update devices 
0
Tksimulator step
simulator step
simbot class firstline - in update devices 
0
Tksimulator step
simulator step
simbot class firstline - in update devices 
0
Tksimulator step
simulator step
simbot class firstline - in update devices 
0
Tksimulator step
simulator step
simbot class firstline - in update devices 
0
Tksimulator step
simulator step
simbot class firstline - in update devices 
0
Tksimulator step
simulator step
simbot class firstline - in update devices 
0
Tksimulator step
simulator step
simbot class firstline - in update devices 
0
Tksimulator step
simulator step
simbot class firstline - in update devices 
0
Tksimulator step
simulator step
simbot class firstline - in update devices 
0
Tksimulator step
simulator step
simbot class firstline - in update devices 
0
Tksimulator step
simulator step
simbot class firstline - in update devices 
0
Tksimulator step
simulator step
simbot class firstline - in update devices 
0
Tksimulator step
simulator step
simbot class firstline - in update devices 
0
Tksimulator step
simulator step
simbot class firstline - in update devices 
0
Tksimulator step
simulator step
simbot class firstline - in update devices 
0
Tksimulator step
simulator step
simbot class firstline - in update devices 
0
Tksimulator step
simulator step
simbot class firstline - in update devices 
0
Tksimulator step
simulator step
simbot class firstline - in update devices 
0
Tksimulator step
simulator step
simbot class firstline - in update devices 
0
Tksimulator step
simulator step
simbot class firstline - in update devices 
0
Tksimulator step
simulator step
simbot class firstline - in update devices 
0
Tksimulator step
simulator step
simbot class firstline - in update devices 
0
Tksimulator step
simulator step
simbot class firstline - in update devices 
0
Tksimulator step
simulator step
simbot class firstline - in update devices 
0
Tksimulator step
simulator step
simbot class firstline - in update devices 
0
Tksimulator step
simulator step
simbot class firstline - in update devices 
0
Tksimulator step
simulator step
simbot class firstline - in update devices 
0
Tksimulator step
simulator step
simbot class firstline - in update devices 
0
Tksimulator step
simulator step
simbot class firstline - in update devices 
0
Tksimulator step
simulator step
simbot class firstline - in update devices 
0
Tksimulator step
simulator step
simbot class firstline - in update devices 
0
Tksimulator step
simulator step
simbot class firstline - in update devices 
0
Tksimulator step
simulator step
simbot class firstline - in update devices 
0
Tksimulator step
simulator step
simbot class firstline - in update devices 
0
Tksimulator step
simulator step
simbot class firstline - in update devices 
0
Tksimulator step
simulator step
simbot class firstline - in update devices 
0
Tksimulator step
simulator step
simbot class firstline - in update devices 
0
Tksimulator step
simulator step
simbot class firstline - in update devices 
0
Tksimulator step
simulator step
simbot class firstline - in update devices 
0
Tksimulator step
simulator step
simbot class firstline - in update devices 
0
Tksimulator step
simulator step
simbot class firstline - in update devices 
0
Tksimulator step
simulator step
simbot class firstline - in update devices 
0
Tksimulator step
simulator step
simbot class firstline - in update devices 
0
Tksimulator step
simulator step
simbot class firstline - in update devices 
0
Tksimulator step
simulator step
simbot class firstline - in update devices 
0
Tksimulator step
simulator step
simbot class firstline - in update devices 
0
Tksimulator step
simulator step
simbot class firstline - in update devices 
0
Tksimulator step
simulator step
simbot class firstline - in update devices 
0
Tksimulator step
simulator step
simbot class firstline - in update devices 
0
Tksimulator step
simulator step
simbot class firstline - in update devices 
0
Tksimulator step
simulator step
simbot class firstline - in update devices 
0
Tksimulator step
simulator step
simbot class firstline - in update devices 
0
Tksimulator step
simulator step
simbot class firstline - in update devices 
0
Tksimulator step
simulator step
simbot class firstline - in update devices 
0
Tksimulator step
simulator step
simbot class firstline - in update devices 
0
Tksimulator step
simulator step
simbot class firstline - in update devices 
0
Tksimulator step
simulator step
simbot class firstline - in update devices 
0
Tksimulator step
simulator step
simbot class firstline - in update devices 
0
Tksimulator step
simulator step
simbot class firstline - in update devices 
0
Tksimulator step
simulator step
simbot class firstline - in update devices 
0
Tksimulator step
simulator step
simbot class firstline - in update devices 
0
Tksimulator step
simulator step
simbot class firstline - in update devices 
0
Tksimulator step
simulator step
simbot class firstline - in update devices 
0
Tksimulator step
simulator step
simbot class firstline - in update devices 
0
Tksimulator step
simulator step
simbot class firstline - in update devices 
0
Tksimulator step
simulator step
simbot class firstline - in update devices 
0
Tksimulator step
simulator step
simbot class firstline - in update devices 
1
print device numbers - in update devices 
[<pyrobot.simulators.pysim.PioneerFrontSonars object at 0x7fa91ed4d978>]
1
zero ray hit
seg.addBoxCount
seg.addBoxCount
seg.addBoxCount
seg.addBoxCount
seg.addBoxCount
seg.addBoxCount
seg.addBoxCount
seg.addBoxCount
seg.addBoxCount
seg.addBoxCount
seg.addBoxCount
seg.addBoxCount
seg.addBoxCount
seg.addBoxCount
seg.addBoxCount
seg.addBoxCount
seg.addBoxCount
addDevices

